#
# There is insufficient memory for the Java Runtime Environment to continue.
# Native memory allocation (malloc) failed to allocate 2097776 bytes for Chunk::new
# Possible reasons:
#   The system is out of physical RAM or swap space
#   In 32 bit mode, the process size limit was hit
# Possible solutions:
#   Reduce memory load on the system
#   Increase physical memory or swap space
#   Check if swap backing store is full
#   Use 64 bit Java on a 64 bit OS
#   Decrease Java heap size (-Xmx/-Xms)
#   Decrease number of Java threads
#   Decrease Java thread stack sizes (-Xss)
#   Set larger code cache with -XX:ReservedCodeCacheSize=
# This output file may be truncated or incomplete.
#
#  Out of Memory Error (allocation.cpp:390), pid=21544, tid=0x0000000000003920
#
# JRE version: Java(TM) SE Runtime Environment (8.0_162-b12) (build 1.8.0_162-b12)
# Java VM: Java HotSpot(TM) 64-Bit Server VM (25.162-b12 mixed mode windows-amd64 compressed oops)
# Failed to write core dump. Minidumps are not enabled by default on client versions of Windows
#

---------------  T H R E A D  ---------------

Current thread (0x00000000170a5800):  JavaThread "C2 CompilerThread1" daemon [_thread_in_native, id=14624, stack(0x0000000017890000,0x0000000017990000)]

Stack: [0x0000000017890000,0x0000000017990000]
[error occurred during error reporting (printing stack bounds), id 0xc0000005]

Native frames: (J=compiled Java code, j=interpreted, Vv=VM code, C=native code)


Current CompileTask:
C2:   6079 1865   !   4       java.net.URLClassLoader$1::run (63 bytes)


---------------  P R O C E S S  ---------------

Java Threads: ( => current thread )
  0x00000000183ea800 JavaThread "logback-1" daemon [_thread_blocked, id=20336, stack(0x0000000019960000,0x0000000019a60000)]
  0x0000000017639000 JavaThread "background-preinit" [_thread_in_Java, id=16248, stack(0x0000000019060000,0x0000000019160000)]
  0x0000000018481800 JavaThread "restartedMain" [_thread_in_Java, id=16904, stack(0x0000000018f60000,0x0000000019060000)]
  0x0000000018447000 JavaThread "Thread-0" [_thread_blocked, id=11908, stack(0x0000000018e60000,0x0000000018f60000)]
  0x0000000017181800 JavaThread "Service Thread" daemon [_thread_blocked, id=16772, stack(0x0000000017a90000,0x0000000017b90000)]
  0x0000000017102000 JavaThread "C1 CompilerThread2" daemon [_thread_blocked, id=5800, stack(0x0000000017990000,0x0000000017a90000)]
=>0x00000000170a5800 JavaThread "C2 CompilerThread1" daemon [_thread_in_native, id=14624, stack(0x0000000017890000,0x0000000017990000)]
  0x00000000170a5000 JavaThread "C2 CompilerThread0" daemon [_thread_in_native, id=10960, stack(0x0000000017790000,0x0000000017890000)]
  0x0000000016ff9000 JavaThread "Monitor Ctrl-Break" daemon [_thread_in_native, id=10212, stack(0x0000000017690000,0x0000000017790000)]
  0x00000000168d2800 JavaThread "Attach Listener" daemon [_thread_blocked, id=18524, stack(0x0000000016d90000,0x0000000016e90000)]
  0x0000000015557000 JavaThread "Signal Dispatcher" daemon [_thread_blocked, id=13648, stack(0x0000000016c90000,0x0000000016d90000)]
  0x0000000015530000 JavaThread "Finalizer" daemon [_thread_blocked, id=22220, stack(0x0000000016790000,0x0000000016890000)]
  0x0000000015509000 JavaThread "Reference Handler" daemon [_thread_blocked, id=19088, stack(0x0000000016690000,0x0000000016790000)]
  0x0000000002c52800 JavaThread "main" [_thread_blocked, id=17324, stack(0x0000000002b50000,0x0000000002c50000)]

Other Threads:
  0x0000000015507000 VMThread [stack: 0x0000000016590000,0x0000000016690000] [id=11316]
  0x00000000171af000 WatcherThread [stack: 0x0000000017b90000,0x0000000017c90000] [id=3024]

VM state:not at safepoint (normal execution)

VM Mutex/Monitor currently owned by a thread: None

Heap:
 PSYoungGen      total 71168K, used 42492K [0x00000000eb180000, 0x00000000f3c80000, 0x0000000100000000)
  eden space 65024K, 65% used [0x00000000eb180000,0x00000000edaff238,0x00000000ef100000)
  from space 6144K, 0% used [0x00000000ef100000,0x00000000ef100000,0x00000000ef700000)
  to   space 6144K, 0% used [0x00000000f3680000,0x00000000f3680000,0x00000000f3c80000)
 ParOldGen       total 36352K, used 10029K [0x00000000c1400000, 0x00000000c3780000, 0x00000000eb180000)
  object space 36352K, 27% used [0x00000000c1400000,0x00000000c1dcb7a0,0x00000000c3780000)
 Metaspace       used 23722K, capacity 24364K, committed 24576K, reserved 1071104K
  class space    used 3048K, capacity 3209K, committed 3328K, reserved 1048576K

Card table byte_map: [0x00000000122f0000,0x00000000124f0000] byte_map_base: 0x0000000011ce6000

Marking Bits: (ParMarkBitMap*) 0x000000005d830860
 Begin Bits: [0x0000000012a40000, 0x00000000139f0000)
 End Bits:   [0x00000000139f0000, 0x00000000149a0000)

Polling page: 0x0000000000a20000

CodeCache: size=245760Kb used=7157Kb max_used=7157Kb free=238602Kb
 bounds [0x0000000002f30000, 0x0000000003630000, 0x0000000011f30000]
 total_blobs=2441 nmethods=2057 adapters=296
 compilation: enabled

Compilation events (10 events):
Event: 6.067 Thread 0x0000000017102000 2053   !   3       org.apache.tomcat.util.IntrospectionUtils::callMethod1 (225 bytes)
Event: 6.071 Thread 0x0000000017102000 nmethod 2053 0x0000000003623150 code [0x0000000003623640, 0x0000000003626be8]
Event: 6.071 Thread 0x0000000017102000 2054       3       org.apache.tomcat.util.digester.Rule::end (1 bytes)
Event: 6.071 Thread 0x0000000017102000 nmethod 2054 0x0000000003628590 code [0x00000000036286e0, 0x0000000003628830]
Event: 6.071 Thread 0x0000000017102000 2055       3       org.apache.tomcat.util.digester.ObjectCreateRule::end (76 bytes)
Event: 6.073 Thread 0x0000000017102000 nmethod 2055 0x00000000036288d0 code [0x0000000003628bc0, 0x000000000362a1d8]
Event: 6.073 Thread 0x0000000017102000 2056   !   3       org.apache.tomcat.util.digester.Digester::pop (22 bytes)
Event: 6.073 Thread 0x0000000017102000 nmethod 2056 0x000000000362aed0 code [0x000000000362b0a0, 0x000000000362b6e8]
Event: 6.073 Thread 0x0000000017102000 2058       3       org.apache.tomcat.util.modeler.FeatureInfo::setType (6 bytes)
Event: 6.074 Thread 0x0000000017102000 nmethod 2058 0x000000000362bad0 code [0x000000000362bc20, 0x000000000362bd90]

GC Heap History (10 events):
Event: 2.463 GC heap before
{Heap before GC invocations=4 (full 0):
 PSYoungGen      total 18944K, used 18914K [0x00000000eb180000, 0x00000000ed680000, 0x0000000100000000)
  eden space 16384K, 100% used [0x00000000eb180000,0x00000000ec180000,0x00000000ec180000)
  from space 2560K, 98% used [0x00000000ec180000,0x00000000ec3f89a0,0x00000000ec400000)
  to   space 2560K, 0% used [0x00000000ed400000,0x00000000ed400000,0x00000000ed680000)
 ParOldGen       total 44032K, used 4351K [0x00000000c1400000, 0x00000000c3f00000, 0x00000000eb180000)
  object space 44032K, 9% used [0x00000000c1400000,0x00000000c183ff58,0x00000000c3f00000)
 Metaspace       used 12092K, capacity 12370K, committed 12672K, reserved 1060864K
  class space    used 1466K, capacity 1540K, committed 1664K, reserved 1048576K
Event: 2.470 GC heap after
Heap after GC invocations=4 (full 0):
 PSYoungGen      total 35328K, used 2552K [0x00000000eb180000, 0x00000000ed680000, 0x0000000100000000)
  eden space 32768K, 0% used [0x00000000eb180000,0x00000000eb180000,0x00000000ed180000)
  from space 2560K, 99% used [0x00000000ed400000,0x00000000ed67e030,0x00000000ed680000)
  to   space 2560K, 0% used [0x00000000ed180000,0x00000000ed180000,0x00000000ed400000)
 ParOldGen       total 44032K, used 5355K [0x00000000c1400000, 0x00000000c3f00000, 0x00000000eb180000)
  object space 44032K, 12% used [0x00000000c1400000,0x00000000c193aca0,0x00000000c3f00000)
 Metaspace       used 12092K, capacity 12370K, committed 12672K, reserved 1060864K
  class space    used 1466K, capacity 1540K, committed 1664K, reserved 1048576K
}
Event: 3.001 GC heap before
{Heap before GC invocations=5 (full 0):
 PSYoungGen      total 35328K, used 35320K [0x00000000eb180000, 0x00000000ed680000, 0x0000000100000000)
  eden space 32768K, 100% used [0x00000000eb180000,0x00000000ed180000,0x00000000ed180000)
  from space 2560K, 99% used [0x00000000ed400000,0x00000000ed67e030,0x00000000ed680000)
  to   space 2560K, 0% used [0x00000000ed180000,0x00000000ed180000,0x00000000ed400000)
 ParOldGen       total 44032K, used 5355K [0x00000000c1400000, 0x00000000c3f00000, 0x00000000eb180000)
  object space 44032K, 12% used [0x00000000c1400000,0x00000000c193aca0,0x00000000c3f00000)
 Metaspace       used 14921K, capacity 15372K, committed 15616K, reserved 1062912K
  class space    used 1893K, capacity 2019K, committed 2048K, reserved 1048576K
Event: 3.011 GC heap after
Heap after GC invocations=5 (full 0):
 PSYoungGen      total 35328K, used 2530K [0x00000000eb180000, 0x00000000efc80000, 0x0000000100000000)
  eden space 32768K, 0% used [0x00000000eb180000,0x00000000eb180000,0x00000000ed180000)
  from space 2560K, 98% used [0x00000000ed180000,0x00000000ed3f89a0,0x00000000ed400000)
  to   space 5632K, 0% used [0x00000000ef700000,0x00000000ef700000,0x00000000efc80000)
 ParOldGen       total 44032K, used 8135K [0x00000000c1400000, 0x00000000c3f00000, 0x00000000eb180000)
  object space 44032K, 18% used [0x00000000c1400000,0x00000000c1bf1cd8,0x00000000c3f00000)
 Metaspace       used 14921K, capacity 15372K, committed 15616K, reserved 1062912K
  class space    used 1893K, capacity 2019K, committed 2048K, reserved 1048576K
}
Event: 3.888 GC heap before
{Heap before GC invocations=6 (full 0):
 PSYoungGen      total 35328K, used 35298K [0x00000000eb180000, 0x00000000efc80000, 0x0000000100000000)
  eden space 32768K, 100% used [0x00000000eb180000,0x00000000ed180000,0x00000000ed180000)
  from space 2560K, 98% used [0x00000000ed180000,0x00000000ed3f89a0,0x00000000ed400000)
  to   space 5632K, 0% used [0x00000000ef700000,0x00000000ef700000,0x00000000efc80000)
 ParOldGen       total 44032K, used 8135K [0x00000000c1400000, 0x00000000c3f00000, 0x00000000eb180000)
  object space 44032K, 18% used [0x00000000c1400000,0x00000000c1bf1cd8,0x00000000c3f00000)
 Metaspace       used 16897K, capacity 17420K, committed 17536K, reserved 1064960K
  class space    used 2190K, capacity 2317K, committed 2432K, reserved 1048576K
Event: 3.900 GC heap after
Heap after GC invocations=6 (full 0):
 PSYoungGen      total 70656K, used 4673K [0x00000000eb180000, 0x00000000efd80000, 0x0000000100000000)
  eden space 65024K, 0% used [0x00000000eb180000,0x00000000eb180000,0x00000000ef100000)
  from space 5632K, 82% used [0x00000000ef700000,0x00000000efb90710,0x00000000efc80000)
  to   space 6144K, 0% used [0x00000000ef100000,0x00000000ef100000,0x00000000ef700000)
 ParOldGen       total 44032K, used 8135K [0x00000000c1400000, 0x00000000c3f00000, 0x00000000eb180000)
  object space 44032K, 18% used [0x00000000c1400000,0x00000000c1bf1cd8,0x00000000c3f00000)
 Metaspace       used 16897K, capacity 17420K, committed 17536K, reserved 1064960K
  class space    used 2190K, capacity 2317K, committed 2432K, reserved 1048576K
}
Event: 4.747 GC heap before
{Heap before GC invocations=7 (full 0):
 PSYoungGen      total 70656K, used 45500K [0x00000000eb180000, 0x00000000efd80000, 0x0000000100000000)
  eden space 65024K, 62% used [0x00000000eb180000,0x00000000ed95ec68,0x00000000ef100000)
  from space 5632K, 82% used [0x00000000ef700000,0x00000000efb90710,0x00000000efc80000)
  to   space 6144K, 0% used [0x00000000ef100000,0x00000000ef100000,0x00000000ef700000)
 ParOldGen       total 44032K, used 8135K [0x00000000c1400000, 0x00000000c3f00000, 0x00000000eb180000)
  object space 44032K, 18% used [0x00000000c1400000,0x00000000c1bf1cd8,0x00000000c3f00000)
 Metaspace       used 20584K, capacity 21138K, committed 21248K, reserved 1067008K
  class space    used 2633K, capacity 2792K, committed 2816K, reserved 1048576K
Event: 4.764 GC heap after
Heap after GC invocations=7 (full 0):
 PSYoungGen      total 71168K, used 5498K [0x00000000eb180000, 0x00000000f3c80000, 0x0000000100000000)
  eden space 65024K, 0% used [0x00000000eb180000,0x00000000eb180000,0x00000000ef100000)
  from space 6144K, 89% used [0x00000000ef100000,0x00000000ef65eb90,0x00000000ef700000)
  to   space 6144K, 0% used [0x00000000f3680000,0x00000000f3680000,0x00000000f3c80000)
 ParOldGen       total 44032K, used 9505K [0x00000000c1400000, 0x00000000c3f00000, 0x00000000eb180000)
  object space 44032K, 21% used [0x00000000c1400000,0x00000000c1d48758,0x00000000c3f00000)
 Metaspace       used 20584K, capacity 21138K, committed 21248K, reserved 1067008K
  class space    used 2633K, capacity 2792K, committed 2816K, reserved 1048576K
}
Event: 4.764 GC heap before
{Heap before GC invocations=8 (full 1):
 PSYoungGen      total 71168K, used 5498K [0x00000000eb180000, 0x00000000f3c80000, 0x0000000100000000)
  eden space 65024K, 0% used [0x00000000eb180000,0x00000000eb180000,0x00000000ef100000)
  from space 6144K, 89% used [0x00000000ef100000,0x00000000ef65eb90,0x00000000ef700000)
  to   space 6144K, 0% used [0x00000000f3680000,0x00000000f3680000,0x00000000f3c80000)
 ParOldGen       total 44032K, used 9505K [0x00000000c1400000, 0x00000000c3f00000, 0x00000000eb180000)
  object space 44032K, 21% used [0x00000000c1400000,0x00000000c1d48758,0x00000000c3f00000)
 Metaspace       used 20584K, capacity 21138K, committed 21248K, reserved 1067008K
  class space    used 2633K, capacity 2792K, committed 2816K, reserved 1048576K
Event: 4.823 GC heap after
Heap after GC invocations=8 (full 1):
 PSYoungGen      total 71168K, used 0K [0x00000000eb180000, 0x00000000f3c80000, 0x0000000100000000)
  eden space 65024K, 0% used [0x00000000eb180000,0x00000000eb180000,0x00000000ef100000)
  from space 6144K, 0% used [0x00000000ef100000,0x00000000ef100000,0x00000000ef700000)
  to   space 6144K, 0% used [0x00000000f3680000,0x00000000f3680000,0x00000000f3c80000)
 ParOldGen       total 36352K, used 10029K [0x00000000c1400000, 0x00000000c3780000, 0x00000000eb180000)
  object space 36352K, 27% used [0x00000000c1400000,0x00000000c1dcb7a0,0x00000000c3780000)
 Metaspace       used 20582K, capacity 21132K, committed 21248K, reserved 1067008K
  class space    used 2633K, capacity 2791K, committed 2816K, reserved 1048576K
}

Deoptimization events (10 events):
Event: 3.633 Thread 0x0000000017639000 Uncommon trap: reason=class_check action=maybe_recompile pc=0x0000000003405b80 method=java.util.HashMap.putVal(ILjava/lang/Object;Ljava/lang/Object;ZZ)Ljava/lang/Object; @ 203
Event: 3.644 Thread 0x0000000017639000 Uncommon trap: reason=class_check action=maybe_recompile pc=0x0000000003405b80 method=java.util.HashMap.putVal(ILjava/lang/Object;Ljava/lang/Object;ZZ)Ljava/lang/Object; @ 203
Event: 4.204 Thread 0x0000000018481800 Uncommon trap: reason=unstable_if action=reinterpret pc=0x0000000003384cac method=java.util.HashMap.getNode(ILjava/lang/Object;)Ljava/util/HashMap$Node; @ 129
Event: 4.204 Thread 0x0000000018481800 Uncommon trap: reason=class_check action=maybe_recompile pc=0x0000000003405b80 method=java.util.HashMap.putVal(ILjava/lang/Object;Ljava/lang/Object;ZZ)Ljava/lang/Object; @ 203
Event: 4.204 Thread 0x0000000018481800 Uncommon trap: reason=unstable_if action=reinterpret pc=0x000000000329db44 method=java.util.HashMap.getNode(ILjava/lang/Object;)Ljava/util/HashMap$Node; @ 129
Event: 4.554 Thread 0x0000000018481800 Uncommon trap: reason=bimorphic action=maybe_recompile pc=0x000000000344fb34 method=java.util.HashMap.putVal(ILjava/lang/Object;Ljava/lang/Object;ZZ)Ljava/lang/Object; @ 253
Event: 4.554 Thread 0x0000000018481800 Uncommon trap: reason=bimorphic action=maybe_recompile pc=0x000000000344fb34 method=java.util.HashMap.putVal(ILjava/lang/Object;Ljava/lang/Object;ZZ)Ljava/lang/Object; @ 253
Event: 4.554 Thread 0x0000000018481800 Uncommon trap: reason=bimorphic action=maybe_recompile pc=0x000000000344fb34 method=java.util.HashMap.putVal(ILjava/lang/Object;Ljava/lang/Object;ZZ)Ljava/lang/Object; @ 253
Event: 4.558 Thread 0x0000000018481800 Uncommon trap: reason=bimorphic action=maybe_recompile pc=0x000000000344fb34 method=java.util.HashMap.putVal(ILjava/lang/Object;Ljava/lang/Object;ZZ)Ljava/lang/Object; @ 253
Event: 5.068 Thread 0x0000000018481800 Uncommon trap: reason=unstable_if action=reinterpret pc=0x00000000030fa3b4 method=java.io.WinNTFileSystem.normalize(Ljava/lang/String;)Ljava/lang/String; @ 128

Classes redefined (0 events):
No events

Internal exceptions (10 events):
Event: 4.967 Thread 0x0000000018481800 Exception <a 'java/lang/ClassNotFoundException': org/springframework/core/PriorityOrderedCustomizer> (0x00000000ebc9f780) thrown at [C:\re\workspace\8-2-build-windows-amd64-cygwin\jdk8u162\10278\hotspot\src\share\vm\classfile\systemDictionary.cpp, line 21
Event: 4.971 Thread 0x0000000018481800 Exception <a 'java/lang/ClassNotFoundException': org/springframework/core/OrderedCustomizer> (0x00000000ebd70eb8) thrown at [C:\re\workspace\8-2-build-windows-amd64-cygwin\jdk8u162\10278\hotspot\src\share\vm\classfile\systemDictionary.cpp, line 210]
Event: 4.975 Thread 0x0000000018481800 Exception <a 'java/lang/ClassNotFoundException': org/springframework/context/ResourceLoaderAwareCustomizer> (0x00000000ebd9fb08) thrown at [C:\re\workspace\8-2-build-windows-amd64-cygwin\jdk8u162\10278\hotspot\src\share\vm\classfile\systemDictionary.cpp, 
Event: 4.978 Thread 0x0000000018481800 Exception <a 'java/lang/ClassNotFoundException': org/springframework/beans/factory/AwareCustomizer> (0x00000000ebdcabb8) thrown at [C:\re\workspace\8-2-build-windows-amd64-cygwin\jdk8u162\10278\hotspot\src\share\vm\classfile\systemDictionary.cpp, line 210
Event: 4.980 Thread 0x0000000018481800 Exception <a 'java/lang/ClassNotFoundException': org/springframework/beans/factory/BeanClassLoaderAwareCustomizer> (0x00000000ebdfcab8) thrown at [C:\re\workspace\8-2-build-windows-amd64-cygwin\jdk8u162\10278\hotspot\src\share\vm\classfile\systemDictionar
Event: 4.983 Thread 0x0000000018481800 Exception <a 'java/lang/ClassNotFoundException': org/springframework/beans/factory/AwareCustomizer> (0x00000000ebe27b80) thrown at [C:\re\workspace\8-2-build-windows-amd64-cygwin\jdk8u162\10278\hotspot\src\share\vm\classfile\systemDictionary.cpp, line 210
Event: 4.986 Thread 0x0000000018481800 Exception <a 'java/lang/ClassNotFoundException': org/springframework/context/EnvironmentAwareCustomizer> (0x00000000ebe54300) thrown at [C:\re\workspace\8-2-build-windows-amd64-cygwin\jdk8u162\10278\hotspot\src\share\vm\classfile\systemDictionary.cpp, lin
Event: 4.989 Thread 0x0000000018481800 Exception <a 'java/lang/ClassNotFoundException': org/springframework/beans/factory/AwareCustomizer> (0x00000000ebf2ab28) thrown at [C:\re\workspace\8-2-build-windows-amd64-cygwin\jdk8u162\10278\hotspot\src\share\vm\classfile\systemDictionary.cpp, line 210
Event: 5.087 Thread 0x0000000018481800 Exception <a 'java/lang/NoSuchMethodError': java.lang.Object.lambda$comparing$77a9974f$1(Ljava/util/function/Function;Ljava/lang/Object;Ljava/lang/Object;)I> (0x00000000ec673bf0) thrown at [C:\re\workspace\8-2-build-windows-amd64-cygwin\jdk8u162\10278\hot
Event: 5.383 Thread 0x0000000017639000 Exception <a 'java/lang/IncompatibleClassChangeError': Found class java.lang.Object, but interface was expected> (0x00000000ecdb4e18) thrown at [C:\re\workspace\8-2-build-windows-amd64-cygwin\jdk8u162\10278\hotspot\src\share\vm\interpreter\linkResolver.cp

Events (10 events):
Event: 5.772 loading class io/swagger/annotations/ApiOperation
Event: 5.772 loading class io/swagger/annotations/ApiOperation done
Event: 5.773 loading class io/swagger/annotations/Extension
Event: 5.773 loading class io/swagger/annotations/Extension done
Event: 5.773 loading class io/swagger/annotations/ResponseHeader
Event: 5.773 loading class io/swagger/annotations/ResponseHeader done
Event: 5.774 loading class io/swagger/annotations/ExtensionProperty
Event: 5.774 loading class io/swagger/annotations/ExtensionProperty done
Event: 5.817 loading class java/util/function/UnaryOperator
Event: 5.817 loading class java/util/function/UnaryOperator done


Dynamic libraries:
0x00007ff6de070000 - 0x00007ff6de0a7000 	D:\java\jdk1.8\bin\java.exe
0x00007ffcb0f80000 - 0x00007ffcb1170000 	C:\WINDOWS\SYSTEM32\ntdll.dll
0x00007ffcaf6c0000 - 0x00007ffcaf772000 	C:\WINDOWS\System32\KERNEL32.DLL
0x00007ffcaea10000 - 0x00007ffcaecb3000 	C:\WINDOWS\System32\KERNELBASE.dll
0x00007ffcaf610000 - 0x00007ffcaf6b3000 	C:\WINDOWS\System32\ADVAPI32.dll
0x00007ffcb02c0000 - 0x00007ffcb035e000 	C:\WINDOWS\System32\msvcrt.dll
0x00007ffcaf930000 - 0x00007ffcaf9c7000 	C:\WINDOWS\System32\sechost.dll
0x00007ffcb04d0000 - 0x00007ffcb05f0000 	C:\WINDOWS\System32\RPCRT4.dll
0x00007ffcaf130000 - 0x00007ffcaf2c4000 	C:\WINDOWS\System32\USER32.dll
0x00007ffcae210000 - 0x00007ffcae231000 	C:\WINDOWS\System32\win32u.dll
0x00007ffcb0290000 - 0x00007ffcb02b6000 	C:\WINDOWS\System32\GDI32.dll
0x00007ffcaee10000 - 0x00007ffcaefa4000 	C:\WINDOWS\System32\gdi32full.dll
0x00007ffcae070000 - 0x00007ffcae10e000 	C:\WINDOWS\System32\msvcp_win.dll
0x00007ffcae110000 - 0x00007ffcae20a000 	C:\WINDOWS\System32\ucrtbase.dll
0x00007ffcac090000 - 0x00007ffcac315000 	C:\WINDOWS\WinSxS\amd64_microsoft.windows.common-controls_6595b64144ccf1df_6.0.18362.418_none_e6c6b287130d565d\COMCTL32.dll
0x00007ffcaf2d0000 - 0x00007ffcaf606000 	C:\WINDOWS\System32\combase.dll
0x00007ffcadf10000 - 0x00007ffcadf90000 	C:\WINDOWS\System32\bcryptPrimitives.dll
0x00007ffcb04a0000 - 0x00007ffcb04ce000 	C:\WINDOWS\System32\IMM32.DLL
0x000000005e3a0000 - 0x000000005e471000 	D:\java\jdk1.8\jre\bin\msvcr100.dll
0x000000005d010000 - 0x000000005d8b0000 	D:\java\jdk1.8\jre\bin\server\jvm.dll
0x00007ffcaf7f0000 - 0x00007ffcaf7f8000 	C:\WINDOWS\System32\PSAPI.DLL
0x00007ffcad8d0000 - 0x00007ffcad8d9000 	C:\WINDOWS\SYSTEM32\WSOCK32.dll
0x00007ffcaaf90000 - 0x00007ffcaafb4000 	C:\WINDOWS\SYSTEM32\WINMM.dll
0x00007ffcad440000 - 0x00007ffcad44a000 	C:\WINDOWS\SYSTEM32\VERSION.dll
0x00007ffcb06b0000 - 0x00007ffcb071f000 	C:\WINDOWS\System32\WS2_32.dll
0x00007ffcaabf0000 - 0x00007ffcaac1d000 	C:\WINDOWS\SYSTEM32\winmmbase.dll
0x00007ffcae9c0000 - 0x00007ffcaea0a000 	C:\WINDOWS\System32\cfgmgr32.dll
0x000000005e390000 - 0x000000005e39f000 	D:\java\jdk1.8\jre\bin\verify.dll
0x000000005e360000 - 0x000000005e389000 	D:\java\jdk1.8\jre\bin\java.dll
0x000000005e2d0000 - 0x000000005e2f3000 	D:\java\jdk1.8\jre\bin\instrument.dll
0x000000005e340000 - 0x000000005e356000 	D:\java\jdk1.8\jre\bin\zip.dll
0x00007ffcb0720000 - 0x00007ffcb0e05000 	C:\WINDOWS\System32\SHELL32.dll
0x00007ffcb0e90000 - 0x00007ffcb0f39000 	C:\WINDOWS\System32\shcore.dll
0x00007ffcae240000 - 0x00007ffcae9bf000 	C:\WINDOWS\System32\windows.storage.dll
0x00007ffcaded0000 - 0x00007ffcadeef000 	C:\WINDOWS\System32\profapi.dll
0x00007ffcade60000 - 0x00007ffcadeaa000 	C:\WINDOWS\System32\powrprof.dll
0x00007ffcade50000 - 0x00007ffcade60000 	C:\WINDOWS\System32\UMPDC.dll
0x00007ffcaf0d0000 - 0x00007ffcaf122000 	C:\WINDOWS\System32\shlwapi.dll
0x00007ffcadeb0000 - 0x00007ffcadec1000 	C:\WINDOWS\System32\kernel.appcore.dll
0x00007ffcaefb0000 - 0x00007ffcaefc7000 	C:\WINDOWS\System32\cryptsp.dll
0x00007ffca6e90000 - 0x00007ffca6eaa000 	D:\IntelliJ IDEA 2019.1\bin\breakgen64.dll
0x000000005e320000 - 0x000000005e33a000 	D:\java\jdk1.8\jre\bin\net.dll
0x00007ffcad190000 - 0x00007ffcad1f7000 	C:\WINDOWS\system32\mswsock.dll
0x000000005e2c0000 - 0x000000005e2cd000 	D:\java\jdk1.8\jre\bin\management.dll
0x00007ffcab4e0000 - 0x00007ffcab4f6000 	C:\WINDOWS\system32\napinsp.dll
0x00007ffcab4c0000 - 0x00007ffcab4da000 	C:\WINDOWS\system32\pnrpnsp.dll
0x00007ffcacef0000 - 0x00007ffcacfba000 	C:\WINDOWS\SYSTEM32\DNSAPI.dll
0x00007ffcb06a0000 - 0x00007ffcb06a8000 	C:\WINDOWS\System32\NSI.dll
0x00007ffcaceb0000 - 0x00007ffcaceea000 	C:\WINDOWS\SYSTEM32\IPHLPAPI.DLL
0x00007ffcab4b0000 - 0x00007ffcab4be000 	C:\WINDOWS\System32\winrnr.dll
0x00007ffca9600000 - 0x00007ffca961c000 	C:\WINDOWS\system32\NLAapi.dll
0x00007ffca7760000 - 0x00007ffca7775000 	C:\WINDOWS\system32\wshbth.dll
0x00007ffc9ea90000 - 0x00007ffc9ea9a000 	C:\Windows\System32\rasadhlp.dll
0x00007ffca30f0000 - 0x00007ffca3167000 	C:\WINDOWS\System32\fwpuclnt.dll
0x00007ffcadf90000 - 0x00007ffcadfb6000 	C:\WINDOWS\System32\bcrypt.dll
0x000000005e300000 - 0x000000005e311000 	D:\java\jdk1.8\jre\bin\nio.dll

VM Arguments:
jvm_args: -javaagent:D:\IntelliJ IDEA 2019.1\lib\idea_rt.jar=60110:D:\IntelliJ IDEA 2019.1\bin -Dfile.encoding=UTF-8 
java_command: com.ruoyi.RuoYiApplication
java_class_path (initial): D:\java\jdk1.8\jre\lib\charsets.jar;D:\java\jdk1.8\jre\lib\deploy.jar;D:\java\jdk1.8\jre\lib\ext\access-bridge-64.jar;D:\java\jdk1.8\jre\lib\ext\cldrdata.jar;D:\java\jdk1.8\jre\lib\ext\dnsns.jar;D:\java\jdk1.8\jre\lib\ext\jaccess.jar;D:\java\jdk1.8\jre\lib\ext\jfxrt.jar;D:\java\jdk1.8\jre\lib\ext\localedata.jar;D:\java\jdk1.8\jre\lib\ext\nashorn.jar;D:\java\jdk1.8\jre\lib\ext\sunec.jar;D:\java\jdk1.8\jre\lib\ext\sunjce_provider.jar;D:\java\jdk1.8\jre\lib\ext\sunmscapi.jar;D:\java\jdk1.8\jre\lib\ext\sunpkcs11.jar;D:\java\jdk1.8\jre\lib\ext\zipfs.jar;D:\java\jdk1.8\jre\lib\javaws.jar;D:\java\jdk1.8\jre\lib\jce.jar;D:\java\jdk1.8\jre\lib\jfr.jar;D:\java\jdk1.8\jre\lib\jfxswt.jar;D:\java\jdk1.8\jre\lib\jsse.jar;D:\java\jdk1.8\jre\lib\management-agent.jar;D:\java\jdk1.8\jre\lib\plugin.jar;D:\java\jdk1.8\jre\lib\resources.jar;D:\java\jdk1.8\jre\lib\rt.jar;H:\FEED-master\ruoyi-admin\target\classes;C:\Users\79232\.m2\repository\org\springframework\boot\spring-boot-starter-thymeleaf\2.1.1.RELEASE\spring-boot-starter-thymeleaf-2.1.1.RELEASE.jar;C:\Users\79232\.m2\repository\org\springframework\boot\spring-boot-starter\2.1.1.RELEASE\spring-boot-starter-2.1.1.RELEASE.jar;C:\Users\79232\.m2\repository\org\springframework\boot\spring-boot-starter-logging\2.1.1.RELEASE\spring-boot-starter-logging-2.1.1.RELEASE.jar;C:\Users\79232\.m2\repository\ch\qos\logback\logback-classic\1.2.3\logback-classic-1.2.3.jar;C:\Users\79232\.m2\repository\ch\qos\logback\logback-core\1.2.3\logback-core-1.2.3.jar;C:\Users\79232\.m2\repository\org\apache\logging\log4j\log4j-to-slf4j\2.11.1\log4j-to-slf4j-2.11.1.jar;C:\Users\79232\.m2\repository\org\apache\logging\log4j\log4j-api\2.11.1\log4j-api-2.11.1.jar;C:\Users\79232\.m2\repository\org\slf4j\jul-to-slf4j\1.7.25\jul-to-slf4j-1.7.25.jar;C:\Users\79232\.m2\repository\javax\annotation\javax.annotation-api\1.3.2\javax.annotation-api-1.3.2.jar;C:\Users\79232\.m2\repository\org\yaml\snakeyaml\1.23\snakeyaml-1.23.jar;C:\Users\792
Launcher Type: SUN_STANDARD

Environment Variables:
JAVA_HOME=d:\java\jdk1.8
CLASSPATH=.;d:\java\jdk1.8\lib;d:\java\jdk1.8\lib\tools.jar;d:\maven\lib;D:\SDK\platforms\android-22\android.jar;
D:\SDK\extras\android\support\v4\android-support-v4.jar;
D:\SDK\extras\android\support\v7\appcompat\libs\android-support-v7-appcompat.jar
PATH=C:\Program Files\Common Files\Siemens\Automation\Simatic OAM\bin;D:\xshell\xshell\;C:\ProgramData\Oracle\Java\javapath;C:\WINDOWS\system32;C:\WINDOWS;C:\WINDOWS\System32\Wbem;C:\WINDOWS\System32\WindowsPowerShell\v1.0\;d:\tomcat\lib;d:\tomcat\bin;d:\java\jdk1.8\bin;d:\java\jdk1.8\jre\bin;d:\java\jre1.8\bin;d:\maven\bin;G:\git\Git\cmd;D:\SDK\platform-tools;D:\SDK\tools???????;C:\WINDOWS\System32\OpenSSH\;F:\Matlab\runtime\win64;F:\Matlab\bin;C:\Users\79232\AppData\Local\Microsoft\WindowsApps;D:\IntelliJ IDEA 2019.1\bin;C:\Users\79232\AppData\Local\GitHubDesktop\bin;"D:\SDK\platform-tools;D:\SDK\tools";;C:\Users\79232\AppData\Local\Microsoft\WindowsApps
USERNAME=79232
OS=Windows_NT
PROCESSOR_IDENTIFIER=Intel64 Family 6 Model 61 Stepping 4, GenuineIntel



---------------  S Y S T E M  ---------------

OS: Windows 10.0 , 64 bit Build 18362 (10.0.18362.329)

CPU:total 4 (initial active 4) (2 cores per cpu, 2 threads per core) family 6 model 61 stepping 4, cmov, cx8, fxsr, mmx, sse, sse2, sse3, ssse3, sse4.1, sse4.2, popcnt, avx, avx2, aes, clmul, erms, 3dnowpref, lzcnt, ht, tsc, tscinvbit, bmi1, bmi2, adx

Memory: 4k page, physical 4106080k(326136k free), swap 13585372k(3236k free)

vm_info: Java HotSpot(TM) 64-Bit Server VM (25.162-b12) for windows-amd64 JRE (1.8.0_162-b12), built on Dec 19 2017 20:00:03 by "java_re" with MS VC++ 10.0 (VS2010)

time: Sun Nov 10 11:12:42 2019
elapsed time: 6 seconds (0d 0h 0m 6s)

