#
# There is insufficient memory for the Java Runtime Environment to continue.
# Native memory allocation (malloc) failed to allocate 32744 bytes for ChunkPool::allocate
# Possible reasons:
#   The system is out of physical RAM or swap space
#   In 32 bit mode, the process size limit was hit
# Possible solutions:
#   Reduce memory load on the system
#   Increase physical memory or swap space
#   Check if swap backing store is full
#   Use 64 bit Java on a 64 bit OS
#   Decrease Java heap size (-Xmx/-Xms)
#   Decrease number of Java threads
#   Decrease Java thread stack sizes (-Xss)
#   Set larger code cache with -XX:ReservedCodeCacheSize=
# This output file may be truncated or incomplete.
#
#  Out of Memory Error (allocation.cpp:273), pid=18040, tid=0x00000000000019cc
#
# JRE version: Java(TM) SE Runtime Environment (8.0_162-b12) (build 1.8.0_162-b12)
# Java VM: Java HotSpot(TM) 64-Bit Server VM (25.162-b12 mixed mode windows-amd64 compressed oops)
# Failed to write core dump. Minidumps are not enabled by default on client versions of Windows
#

---------------  T H R E A D  ---------------

Current thread (0x0000000018481800):  JavaThread "restartedMain" [_thread_in_vm, id=6604, stack(0x0000000019380000,0x0000000019480000)]

Stack: [0x0000000019380000,0x0000000019480000]
[error occurred during error reporting (printing stack bounds), id 0xc0000005]

Native frames: (J=compiled Java code, j=interpreted, Vv=VM code, C=native code)

Java frames: (J=compiled Java code, j=interpreted, Vv=VM code)
J 777  java.lang.ClassLoader.defineClass1(Ljava/lang/String;[BIILjava/security/ProtectionDomain;Ljava/lang/String;)Ljava/lang/Class; (0 bytes) @ 0x000000000366a0df [0x000000000366a040+0x9f]
J 715 C1 java.lang.ClassLoader.defineClass(Ljava/lang/String;[BIILjava/security/ProtectionDomain;)Ljava/lang/Class; (43 bytes) @ 0x0000000003646424 [0x0000000003645e40+0x5e4]
J 2780 C1 java.security.SecureClassLoader.defineClass(Ljava/lang/String;[BIILjava/security/CodeSource;)Ljava/lang/Class; (16 bytes) @ 0x0000000003d2e154 [0x0000000003d2e000+0x154]
J 4288 C2 java.net.URLClassLoader$1.run()Ljava/lang/Object; (5 bytes) @ 0x0000000004320190 [0x000000000431f7e0+0x9b0]
v  ~StubRoutines::call_stub
J 162  java.security.AccessController.doPrivileged(Ljava/security/PrivilegedExceptionAction;Ljava/security/AccessControlContext;)Ljava/lang/Object; (0 bytes) @ 0x00000000034b8266 [0x00000000034b8200+0x66]
J 1663 C2 java.lang.ClassLoader.loadClass(Ljava/lang/String;Z)Ljava/lang/Class; (122 bytes) @ 0x00000000038c474c [0x00000000038c3ba0+0xbac]
J 2324 C2 java.lang.ClassLoader.loadClass(Ljava/lang/String;)Ljava/lang/Class; (7 bytes) @ 0x0000000003b5d444 [0x0000000003b5d2c0+0x184]
v  ~StubRoutines::call_stub
j  io.netty.util.internal.PlatformDependent0.<clinit>()V+225
v  ~StubRoutines::call_stub
j  io.netty.util.internal.PlatformDependent.isAndroid()Z+0
j  io.netty.util.internal.PlatformDependent.<clinit>()V+45
v  ~StubRoutines::call_stub
j  io.netty.channel.nio.NioEventLoop.newTaskQueue(I)Ljava/util/Queue;+6
j  io.netty.util.concurrent.SingleThreadEventExecutor.<init>(Lio/netty/util/concurrent/EventExecutorGroup;Ljava/util/concurrent/Executor;ZILio/netty/util/concurrent/RejectedExecutionHandler;)V+82
j  io.netty.channel.SingleThreadEventLoop.<init>(Lio/netty/channel/EventLoopGroup;Ljava/util/concurrent/Executor;ZILio/netty/util/concurrent/RejectedExecutionHandler;)V+8
j  io.netty.channel.nio.NioEventLoop.<init>(Lio/netty/channel/nio/NioEventLoopGroup;Ljava/util/concurrent/Executor;Ljava/nio/channels/spi/SelectorProvider;Lio/netty/channel/SelectStrategy;Lio/netty/util/concurrent/RejectedExecutionHandler;)V+9
j  io.netty.channel.nio.NioEventLoopGroup.newChild(Ljava/util/concurrent/Executor;[Ljava/lang/Object;)Lio/netty/channel/EventLoop;+29
j  io.netty.channel.nio.NioEventLoopGroup.newChild(Ljava/util/concurrent/Executor;[Ljava/lang/Object;)Lio/netty/util/concurrent/EventExecutor;+3
j  io.netty.util.concurrent.MultithreadEventExecutorGroup.<init>(ILjava/util/concurrent/Executor;Lio/netty/util/concurrent/EventExecutorChooserFactory;[Ljava/lang/Object;)V+103
j  io.netty.util.concurrent.MultithreadEventExecutorGroup.<init>(ILjava/util/concurrent/Executor;[Ljava/lang/Object;)V+7
j  io.netty.channel.MultithreadEventLoopGroup.<init>(ILjava/util/concurrent/Executor;[Ljava/lang/Object;)V+14
j  io.netty.channel.nio.NioEventLoopGroup.<init>(ILjava/util/concurrent/Executor;Ljava/nio/channels/spi/SelectorProvider;Lio/netty/channel/SelectStrategyFactory;)V+22
j  io.netty.channel.nio.NioEventLoopGroup.<init>(ILjava/util/concurrent/Executor;Ljava/nio/channels/spi/SelectorProvider;)V+7
j  io.netty.channel.nio.NioEventLoopGroup.<init>(ILjava/util/concurrent/Executor;)V+6
j  io.netty.channel.nio.NioEventLoopGroup.<init>(I)V+6
j  io.netty.channel.nio.NioEventLoopGroup.<init>()V+2
j  com.ruoyi.web.controller.transmessage.TransServer.<init>()V+9
j  com.ruoyi.RuoYiApplication.run([Ljava/lang/String;)V+4
j  org.springframework.boot.SpringApplication.callRunner(Lorg/springframework/boot/CommandLineRunner;Lorg/springframework/boot/ApplicationArguments;)V+7
j  org.springframework.boot.SpringApplication.callRunners(Lorg/springframework/context/ApplicationContext;Lorg/springframework/boot/ApplicationArguments;)V+118
j  org.springframework.boot.SpringApplication.run([Ljava/lang/String;)Lorg/springframework/context/ConfigurableApplicationContext;+168
j  com.ruoyi.RuoYiApplication.main([Ljava/lang/String;)V+19
v  ~StubRoutines::call_stub
j  sun.reflect.NativeMethodAccessorImpl.invoke0(Ljava/lang/reflect/Method;Ljava/lang/Object;[Ljava/lang/Object;)Ljava/lang/Object;+0
j  sun.reflect.NativeMethodAccessorImpl.invoke(Ljava/lang/Object;[Ljava/lang/Object;)Ljava/lang/Object;+100
j  sun.reflect.DelegatingMethodAccessorImpl.invoke(Ljava/lang/Object;[Ljava/lang/Object;)Ljava/lang/Object;+6
j  java.lang.reflect.Method.invoke(Ljava/lang/Object;[Ljava/lang/Object;)Ljava/lang/Object;+56
j  org.springframework.boot.devtools.restart.RestartLauncher.run()V+41
v  ~StubRoutines::call_stub

---------------  P R O C E S S  ---------------

Java Threads: ( => current thread )
  0x000000001d13e800 JavaThread "http-nio-6080-AsyncTimeout" daemon [_thread_blocked, id=6384, stack(0x00000000259f0000,0x0000000025af0000)]
  0x0000000018674000 JavaThread "http-nio-6080-Acceptor-0" daemon [_thread_in_native, id=14644, stack(0x00000000258f0000,0x00000000259f0000)]
  0x0000000018674800 JavaThread "http-nio-6080-ClientPoller-1" daemon [_thread_in_native, id=14992, stack(0x00000000257f0000,0x00000000258f0000)]
  0x0000000018673000 JavaThread "http-nio-6080-ClientPoller-0" daemon [_thread_in_native, id=4992, stack(0x00000000256f0000,0x00000000257f0000)]
  0x0000000018672800 JavaThread "http-nio-6080-exec-30" daemon [_thread_blocked, id=2504, stack(0x00000000255f0000,0x00000000256f0000)]
  0x0000000018671800 JavaThread "http-nio-6080-exec-29" daemon [_thread_blocked, id=14792, stack(0x00000000254f0000,0x00000000255f0000)]
  0x0000000018671000 JavaThread "http-nio-6080-exec-28" daemon [_thread_blocked, id=4552, stack(0x00000000253f0000,0x00000000254f0000)]
  0x0000000018670000 JavaThread "http-nio-6080-exec-27" daemon [_thread_blocked, id=13984, stack(0x00000000252f0000,0x00000000253f0000)]
  0x0000000018668800 JavaThread "http-nio-6080-exec-26" daemon [_thread_blocked, id=7784, stack(0x00000000251f0000,0x00000000252f0000)]
  0x000000001866f800 JavaThread "http-nio-6080-exec-25" daemon [_thread_blocked, id=15048, stack(0x00000000250f0000,0x00000000251f0000)]
  0x000000001866b000 JavaThread "http-nio-6080-exec-24" daemon [_thread_blocked, id=2060, stack(0x0000000024ff0000,0x00000000250f0000)]
  0x000000001866a000 JavaThread "http-nio-6080-exec-23" daemon [_thread_blocked, id=13480, stack(0x0000000024ef0000,0x0000000024ff0000)]
  0x000000001866e800 JavaThread "http-nio-6080-exec-22" daemon [_thread_blocked, id=9148, stack(0x0000000024df0000,0x0000000024ef0000)]
  0x000000001866e000 JavaThread "http-nio-6080-exec-21" daemon [_thread_blocked, id=10128, stack(0x0000000024cf0000,0x0000000024df0000)]
  0x0000000018666800 JavaThread "http-nio-6080-exec-20" daemon [_thread_blocked, id=17464, stack(0x0000000024bf0000,0x0000000024cf0000)]
  0x0000000018668000 JavaThread "http-nio-6080-exec-19" daemon [_thread_blocked, id=17824, stack(0x0000000024af0000,0x0000000024bf0000)]
  0x000000001866d000 JavaThread "http-nio-6080-exec-18" daemon [_thread_blocked, id=9428, stack(0x00000000249f0000,0x0000000024af0000)]
  0x000000001866b800 JavaThread "http-nio-6080-exec-17" daemon [_thread_blocked, id=17912, stack(0x00000000248f0000,0x00000000249f0000)]
  0x0000000018669800 JavaThread "http-nio-6080-exec-16" daemon [_thread_blocked, id=17812, stack(0x00000000247f0000,0x00000000248f0000)]
  0x000000001866c800 JavaThread "http-nio-6080-exec-15" daemon [_thread_blocked, id=17528, stack(0x00000000246f0000,0x00000000247f0000)]
  0x0000000018665800 JavaThread "http-nio-6080-exec-14" daemon [_thread_blocked, id=16028, stack(0x00000000245f0000,0x00000000246f0000)]
  0x0000000018667000 JavaThread "http-nio-6080-exec-13" daemon [_thread_blocked, id=16176, stack(0x00000000244f0000,0x00000000245f0000)]
  0x000000001cf32800 JavaThread "http-nio-6080-exec-12" daemon [_thread_blocked, id=1440, stack(0x00000000243f0000,0x00000000244f0000)]
  0x000000001cf31800 JavaThread "http-nio-6080-exec-11" daemon [_thread_blocked, id=15224, stack(0x00000000242f0000,0x00000000243f0000)]
  0x000000001cf34800 JavaThread "http-nio-6080-exec-10" daemon [_thread_blocked, id=7372, stack(0x00000000241f0000,0x00000000242f0000)]
  0x000000001cf31000 JavaThread "http-nio-6080-exec-9" daemon [_thread_blocked, id=15760, stack(0x00000000240f0000,0x00000000241f0000)]
  0x000000001cf33000 JavaThread "http-nio-6080-exec-8" daemon [_thread_blocked, id=17520, stack(0x0000000023ff0000,0x00000000240f0000)]
  0x000000001cf34000 JavaThread "http-nio-6080-exec-7" daemon [_thread_blocked, id=8080, stack(0x0000000023ef0000,0x0000000023ff0000)]
  0x000000001cf37000 JavaThread "http-nio-6080-exec-6" daemon [_thread_blocked, id=15852, stack(0x0000000023df0000,0x0000000023ef0000)]
  0x000000001cf38000 JavaThread "http-nio-6080-exec-5" daemon [_thread_blocked, id=8700, stack(0x0000000023cf0000,0x0000000023df0000)]
  0x000000001cf35800 JavaThread "http-nio-6080-exec-4" daemon [_thread_blocked, id=17500, stack(0x0000000023bf0000,0x0000000023cf0000)]
  0x000000001cf36800 JavaThread "http-nio-6080-exec-3" daemon [_thread_blocked, id=6996, stack(0x0000000023af0000,0x0000000023bf0000)]
  0x000000001cf29800 JavaThread "http-nio-6080-exec-2" daemon [_thread_blocked, id=14172, stack(0x00000000239f0000,0x0000000023af0000)]
  0x000000001cf30000 JavaThread "http-nio-6080-exec-1" daemon [_thread_blocked, id=492, stack(0x00000000238f0000,0x00000000239f0000)]
  0x000000001cf2b800 JavaThread "NioBlockingSelector.BlockPoller-1" daemon [_thread_in_native, id=1640, stack(0x00000000237f0000,0x00000000238f0000)]
  0x000000001cf2e000 JavaThread "Quartz Scheduler [RuoyiScheduler]" daemon [_thread_blocked, id=14428, stack(0x0000000021b60000,0x0000000021c60000)]
  0x000000001cf2c800 JavaThread "File Watcher" daemon [_thread_blocked, id=6960, stack(0x0000000021870000,0x0000000021970000)]
  0x000000001cf2a000 JavaThread "Live Reload Server" daemon [_thread_in_native, id=15292, stack(0x0000000021640000,0x0000000021740000)]
  0x000000001cf28800 JavaThread "RuoyiScheduler_QuartzSchedulerThread" [_thread_blocked, id=6860, stack(0x0000000021770000,0x0000000021870000)]
  0x000000001cf2d000 JavaThread "RuoyiScheduler_Worker-20" [_thread_blocked, id=15716, stack(0x00000000202f0000,0x00000000203f0000)]
  0x000000001aa9c000 JavaThread "RuoyiScheduler_Worker-19" [_thread_blocked, id=12732, stack(0x0000000021540000,0x0000000021640000)]
  0x000000001aa9b800 JavaThread "RuoyiScheduler_Worker-18" [_thread_blocked, id=9068, stack(0x0000000021440000,0x0000000021540000)]
  0x000000001aa99000 JavaThread "RuoyiScheduler_Worker-17" [_thread_blocked, id=12880, stack(0x0000000021340000,0x0000000021440000)]
  0x000000001aa9d000 JavaThread "RuoyiScheduler_Worker-16" [_thread_blocked, id=15832, stack(0x0000000021240000,0x0000000021340000)]
  0x000000001aa98800 JavaThread "RuoyiScheduler_Worker-15" [_thread_blocked, id=12124, stack(0x0000000021140000,0x0000000021240000)]
  0x000000001aa9a000 JavaThread "RuoyiScheduler_Worker-14" [_thread_blocked, id=6580, stack(0x0000000021040000,0x0000000021140000)]
  0x000000001aa9a800 JavaThread "RuoyiScheduler_Worker-13" [_thread_blocked, id=15736, stack(0x0000000020f40000,0x0000000021040000)]
  0x000000001aa97800 JavaThread "RuoyiScheduler_Worker-12" [_thread_blocked, id=13332, stack(0x0000000020e40000,0x0000000020f40000)]
  0x000000001aa90000 JavaThread "RuoyiScheduler_Worker-11" [_thread_blocked, id=5200, stack(0x0000000020d40000,0x0000000020e40000)]
  0x000000001aa97000 JavaThread "RuoyiScheduler_Worker-10" [_thread_blocked, id=13408, stack(0x0000000020c40000,0x0000000020d40000)]
  0x000000001aa8f800 JavaThread "RuoyiScheduler_Worker-9" [_thread_blocked, id=4752, stack(0x0000000020b40000,0x0000000020c40000)]
  0x000000001aa96000 JavaThread "RuoyiScheduler_Worker-8" [_thread_blocked, id=11892, stack(0x0000000020a40000,0x0000000020b40000)]
  0x000000001aa95800 JavaThread "RuoyiScheduler_Worker-7" [_thread_blocked, id=11888, stack(0x0000000020940000,0x0000000020a40000)]
  0x000000001aa94800 JavaThread "RuoyiScheduler_Worker-6" [_thread_blocked, id=11904, stack(0x0000000020840000,0x0000000020940000)]
  0x000000001aa92800 JavaThread "RuoyiScheduler_Worker-5" [_thread_blocked, id=17696, stack(0x0000000020740000,0x0000000020840000)]
  0x000000001aa8e000 JavaThread "RuoyiScheduler_Worker-4" [_thread_blocked, id=6816, stack(0x0000000020640000,0x0000000020740000)]
  0x000000001aa91800 JavaThread "RuoyiScheduler_Worker-3" [_thread_blocked, id=14380, stack(0x0000000020540000,0x0000000020640000)]
  0x000000001aa94000 JavaThread "RuoyiScheduler_Worker-2" [_thread_blocked, id=7660, stack(0x0000000020440000,0x0000000020540000)]
  0x000000001aa93000 JavaThread "RuoyiScheduler_Worker-1" [_thread_blocked, id=8020, stack(0x00000000201f0000,0x00000000202f0000)]
  0x000000001aa91000 JavaThread "Druid-ConnectionPool-Destroy-996551126" daemon [_thread_blocked, id=6112, stack(0x000000001fef0000,0x000000001fff0000)]
  0x000000001aa8e800 JavaThread "Druid-ConnectionPool-Create-996551126" daemon [_thread_blocked, id=12164, stack(0x000000001fa80000,0x000000001fb80000)]
  0x000000001a932000 JavaThread "Abandoned connection cleanup thread" daemon [_thread_blocked, id=12008, stack(0x000000001fdf0000,0x000000001fef0000)]
  0x000000001a937000 JavaThread "container-0" [_thread_blocked, id=13436, stack(0x000000001c740000,0x000000001c840000)]
  0x000000001a935000 JavaThread "ContainerBackgroundProcessor[StandardEngine[Tomcat]]" daemon [_thread_blocked, id=10060, stack(0x000000001b250000,0x000000001b350000)]
  0x000000001a935800 JavaThread "ruoyi" daemon [_thread_blocked, id=17548, stack(0x0000000019480000,0x0000000019580000)]
  0x0000000017a10000 JavaThread "logback-1" daemon [_thread_blocked, id=10288, stack(0x0000000019d80000,0x0000000019e80000)]
=>0x0000000018481800 JavaThread "restartedMain" [_thread_in_vm, id=6604, stack(0x0000000019380000,0x0000000019480000)]
  0x0000000018481000 JavaThread "Thread-0" [_thread_blocked, id=16240, stack(0x0000000019280000,0x0000000019380000)]
  0x0000000017570800 JavaThread "Service Thread" daemon [_thread_blocked, id=14924, stack(0x0000000017eb0000,0x0000000017fb0000)]
  0x0000000017446800 JavaThread "C1 CompilerThread2" daemon [_thread_blocked, id=14772, stack(0x0000000017db0000,0x0000000017eb0000)]
  0x0000000017443000 JavaThread "C2 CompilerThread1" daemon [_thread_in_native, id=72, stack(0x0000000017cb0000,0x0000000017db0000)]
  0x0000000017442000 JavaThread "C2 CompilerThread0" daemon [_thread_in_native, id=6648, stack(0x0000000017bb0000,0x0000000017cb0000)]
  0x000000001745f800 JavaThread "Monitor Ctrl-Break" daemon [_thread_in_native, id=5412, stack(0x0000000017ab0000,0x0000000017bb0000)]
  0x0000000015989000 JavaThread "Attach Listener" daemon [_thread_blocked, id=15032, stack(0x00000000171b0000,0x00000000172b0000)]
  0x0000000016cf3800 JavaThread "Signal Dispatcher" daemon [_thread_blocked, id=15068, stack(0x00000000170b0000,0x00000000171b0000)]
  0x0000000015950800 JavaThread "Finalizer" daemon [_thread_blocked, id=1544, stack(0x0000000016bb0000,0x0000000016cb0000)]
  0x0000000015929000 JavaThread "Reference Handler" daemon [_thread_blocked, id=18312, stack(0x0000000016ab0000,0x0000000016bb0000)]
  0x0000000003062800 JavaThread "main" [_thread_blocked, id=9900, stack(0x0000000002e60000,0x0000000002f60000)]

Other Threads:
  0x0000000015927000 VMThread [stack: 0x00000000169b0000,0x0000000016ab0000] [id=12080]
  0x0000000017593800 WatcherThread [stack: 0x0000000017fb0000,0x00000000180b0000] [id=3564]

VM state:not at safepoint (normal execution)

VM Mutex/Monitor currently owned by a thread: None

Heap:
 PSYoungGen      total 275968K, used 25852K [0x00000000eb180000, 0x00000000fd100000, 0x0000000100000000)
  eden space 261632K, 5% used [0x00000000eb180000,0x00000000ebe50040,0x00000000fb100000)
  from space 14336K, 88% used [0x00000000fb100000,0x00000000fbd6f170,0x00000000fbf00000)
  to   space 13312K, 0% used [0x00000000fbf00000,0x00000000fbf00000,0x00000000fcc00000)
 ParOldGen       total 87040K, used 40265K [0x00000000c1400000, 0x00000000c6900000, 0x00000000eb180000)
  object space 87040K, 46% used [0x00000000c1400000,0x00000000c3b527e0,0x00000000c6900000)
 Metaspace       used 64318K, capacity 66556K, committed 66776K, reserved 1107968K
  class space    used 7968K, capacity 8364K, committed 8448K, reserved 1048576K

Card table byte_map: [0x0000000012710000,0x0000000012910000] byte_map_base: 0x0000000012106000

Marking Bits: (ParMarkBitMap*) 0x0000000074fe0860
 Begin Bits: [0x0000000012e60000, 0x0000000013e10000)
 End Bits:   [0x0000000013e10000, 0x0000000014dc0000)

Polling page: 0x00000000011a0000

CodeCache: size=245760Kb used=24918Kb max_used=24918Kb free=220841Kb
 bounds [0x0000000003350000, 0x0000000004bc0000, 0x0000000012350000]
 total_blobs=7104 nmethods=6538 adapters=477
 compilation: enabled

Compilation events (10 events):
Event: 51.904 Thread 0x0000000017446800 7734       2       java.util.ResourceBundle::isValidBundle (17 bytes)
Event: 51.905 Thread 0x0000000017446800 nmethod 7734 0x0000000004bb9790 code [0x0000000004bb98e0, 0x0000000004bb9a50]
Event: 51.933 Thread 0x0000000017446800 7735       1       ch.qos.logback.core.UnsynchronizedAppenderBase::isStarted (5 bytes)
Event: 51.933 Thread 0x0000000017446800 nmethod 7735 0x0000000004bb9ad0 code [0x0000000004bb9c20, 0x0000000004bb9d30]
Event: 52.204 Thread 0x0000000017446800 7737       2       sun.net.www.protocol.file.Handler::hostsEqual (69 bytes)
Event: 52.204 Thread 0x0000000017446800 nmethod 7737 0x0000000004bb9f90 code [0x0000000004bba140, 0x0000000004bba3e8]
Event: 52.204 Thread 0x0000000017446800 7738       2       java.net.URLStreamHandler::hostsEqual (75 bytes)
Event: 52.205 Thread 0x0000000017446800 nmethod 7738 0x0000000004bba590 code [0x0000000004bba720, 0x0000000004bba9b8]
Event: 52.301 Thread 0x0000000017446800 7740       2       java.util.regex.Pattern::escape (1151 bytes)
Event: 52.307 Thread 0x0000000017446800 nmethod 7740 0x0000000004bbaf90 code [0x0000000004bbb500, 0x0000000004bbde08]

GC Heap History (10 events):
Event: 26.856 GC heap before
{Heap before GC invocations=16 (full 2):
 PSYoungGen      total 150528K, used 141824K [0x00000000eb180000, 0x00000000f8780000, 0x0000000100000000)
  eden space 141824K, 100% used [0x00000000eb180000,0x00000000f3c00000,0x00000000f3c00000)
  from space 8704K, 0% used [0x00000000f3c00000,0x00000000f3c00000,0x00000000f4480000)
  to   space 8192K, 0% used [0x00000000f7f80000,0x00000000f7f80000,0x00000000f8780000)
 ParOldGen       total 48640K, used 18377K [0x00000000c1400000, 0x00000000c4380000, 0x00000000eb180000)
  object space 48640K, 37% used [0x00000000c1400000,0x00000000c25f27f0,0x00000000c4380000)
 Metaspace       used 40856K, capacity 42048K, committed 42456K, reserved 1085440K
  class space    used 5246K, capacity 5512K, committed 5632K, reserved 1048576K
Event: 26.873 GC heap after
Heap after GC invocations=16 (full 2):
 PSYoungGen      total 202240K, used 7624K [0x00000000eb180000, 0x00000000f8700000, 0x0000000100000000)
  eden space 194560K, 0% used [0x00000000eb180000,0x00000000eb180000,0x00000000f6f80000)
  from space 7680K, 99% used [0x00000000f7f80000,0x00000000f86f2348,0x00000000f8700000)
  to   space 9216K, 0% used [0x00000000f7500000,0x00000000f7500000,0x00000000f7e00000)
 ParOldGen       total 48640K, used 18385K [0x00000000c1400000, 0x00000000c4380000, 0x00000000eb180000)
  object space 48640K, 37% used [0x00000000c1400000,0x00000000c25f47f0,0x00000000c4380000)
 Metaspace       used 40856K, capacity 42048K, committed 42456K, reserved 1085440K
  class space    used 5246K, capacity 5512K, committed 5632K, reserved 1048576K
}
Event: 31.403 GC heap before
{Heap before GC invocations=17 (full 2):
 PSYoungGen      total 202240K, used 202184K [0x00000000eb180000, 0x00000000f8700000, 0x0000000100000000)
  eden space 194560K, 100% used [0x00000000eb180000,0x00000000f6f80000,0x00000000f6f80000)
  from space 7680K, 99% used [0x00000000f7f80000,0x00000000f86f2348,0x00000000f8700000)
  to   space 9216K, 0% used [0x00000000f7500000,0x00000000f7500000,0x00000000f7e00000)
 ParOldGen       total 48640K, used 18385K [0x00000000c1400000, 0x00000000c4380000, 0x00000000eb180000)
  object space 48640K, 37% used [0x00000000c1400000,0x00000000c25f47f0,0x00000000c4380000)
 Metaspace       used 46440K, capacity 48098K, committed 48216K, reserved 1091584K
  class space    used 5911K, capacity 6215K, committed 6272K, reserved 1048576K
Event: 31.435 GC heap after
Heap after GC invocations=17 (full 2):
 PSYoungGen      total 209408K, used 9208K [0x00000000eb180000, 0x00000000fcc00000, 0x0000000100000000)
  eden space 200192K, 0% used [0x00000000eb180000,0x00000000eb180000,0x00000000f7500000)
  from space 9216K, 99% used [0x00000000f7500000,0x00000000f7dfe000,0x00000000f7e00000)
  to   space 13312K, 0% used [0x00000000fbf00000,0x00000000fbf00000,0x00000000fcc00000)
 ParOldGen       total 48640K, used 25998K [0x00000000c1400000, 0x00000000c4380000, 0x00000000eb180000)
  object space 48640K, 53% used [0x00000000c1400000,0x00000000c2d639e0,0x00000000c4380000)
 Metaspace       used 46440K, capacity 48098K, committed 48216K, reserved 1091584K
  class space    used 5911K, capacity 6215K, committed 6272K, reserved 1048576K
}
Event: 38.965 GC heap before
{Heap before GC invocations=18 (full 2):
 PSYoungGen      total 209408K, used 197459K [0x00000000eb180000, 0x00000000fcc00000, 0x0000000100000000)
  eden space 200192K, 94% used [0x00000000eb180000,0x00000000f6956da8,0x00000000f7500000)
  from space 9216K, 99% used [0x00000000f7500000,0x00000000f7dfe000,0x00000000f7e00000)
  to   space 13312K, 0% used [0x00000000fbf00000,0x00000000fbf00000,0x00000000fcc00000)
 ParOldGen       total 48640K, used 25998K [0x00000000c1400000, 0x00000000c4380000, 0x00000000eb180000)
  object space 48640K, 53% used [0x00000000c1400000,0x00000000c2d639e0,0x00000000c4380000)
 Metaspace       used 57102K, capacity 58846K, committed 58968K, reserved 1101824K
  class space    used 6958K, capacity 7291K, committed 7296K, reserved 1048576K
Event: 39.003 GC heap after
Heap after GC invocations=18 (full 2):
 PSYoungGen      total 274944K, used 12072K [0x00000000eb180000, 0x00000000fd100000, 0x0000000100000000)
  eden space 261632K, 0% used [0x00000000eb180000,0x00000000eb180000,0x00000000fb100000)
  from space 13312K, 90% used [0x00000000fbf00000,0x00000000fcaca030,0x00000000fcc00000)
  to   space 14336K, 0% used [0x00000000fb100000,0x00000000fb100000,0x00000000fbf00000)
 ParOldGen       total 48640K, used 35051K [0x00000000c1400000, 0x00000000c4380000, 0x00000000eb180000)
  object space 48640K, 72% used [0x00000000c1400000,0x00000000c363ad38,0x00000000c4380000)
 Metaspace       used 57102K, capacity 58846K, committed 58968K, reserved 1101824K
  class space    used 6958K, capacity 7291K, committed 7296K, reserved 1048576K
}
Event: 39.003 GC heap before
{Heap before GC invocations=19 (full 3):
 PSYoungGen      total 274944K, used 12072K [0x00000000eb180000, 0x00000000fd100000, 0x0000000100000000)
  eden space 261632K, 0% used [0x00000000eb180000,0x00000000eb180000,0x00000000fb100000)
  from space 13312K, 90% used [0x00000000fbf00000,0x00000000fcaca030,0x00000000fcc00000)
  to   space 14336K, 0% used [0x00000000fb100000,0x00000000fb100000,0x00000000fbf00000)
 ParOldGen       total 48640K, used 35051K [0x00000000c1400000, 0x00000000c4380000, 0x00000000eb180000)
  object space 48640K, 72% used [0x00000000c1400000,0x00000000c363ad38,0x00000000c4380000)
 Metaspace       used 57102K, capacity 58846K, committed 58968K, reserved 1101824K
  class space    used 6958K, capacity 7291K, committed 7296K, reserved 1048576K
Event: 40.419 GC heap after
Heap after GC invocations=19 (full 3):
 PSYoungGen      total 274944K, used 0K [0x00000000eb180000, 0x00000000fd100000, 0x0000000100000000)
  eden space 261632K, 0% used [0x00000000eb180000,0x00000000eb180000,0x00000000fb100000)
  from space 13312K, 0% used [0x00000000fbf00000,0x00000000fbf00000,0x00000000fcc00000)
  to   space 14336K, 0% used [0x00000000fb100000,0x00000000fb100000,0x00000000fbf00000)
 ParOldGen       total 87040K, used 40257K [0x00000000c1400000, 0x00000000c6900000, 0x00000000eb180000)
  object space 87040K, 46% used [0x00000000c1400000,0x00000000c3b507e0,0x00000000c6900000)
 Metaspace       used 56990K, capacity 58666K, committed 58968K, reserved 1101824K
  class space    used 6941K, capacity 7261K, committed 7296K, reserved 1048576K
}
Event: 52.085 GC heap before
{Heap before GC invocations=20 (full 3):
 PSYoungGen      total 274944K, used 261632K [0x00000000eb180000, 0x00000000fd100000, 0x0000000100000000)
  eden space 261632K, 100% used [0x00000000eb180000,0x00000000fb100000,0x00000000fb100000)
  from space 13312K, 0% used [0x00000000fbf00000,0x00000000fbf00000,0x00000000fcc00000)
  to   space 14336K, 0% used [0x00000000fb100000,0x00000000fb100000,0x00000000fbf00000)
 ParOldGen       total 87040K, used 40257K [0x00000000c1400000, 0x00000000c6900000, 0x00000000eb180000)
  object space 87040K, 46% used [0x00000000c1400000,0x00000000c3b507e0,0x00000000c6900000)
 Metaspace       used 63814K, capacity 66108K, committed 66392K, reserved 1107968K
  class space    used 7883K, capacity 8300K, committed 8320K, reserved 1048576K
Event: 52.117 GC heap after
Heap after GC invocations=20 (full 3):
 PSYoungGen      total 275968K, used 12732K [0x00000000eb180000, 0x00000000fd100000, 0x0000000100000000)
  eden space 261632K, 0% used [0x00000000eb180000,0x00000000eb180000,0x00000000fb100000)
  from space 14336K, 88% used [0x00000000fb100000,0x00000000fbd6f170,0x00000000fbf00000)
  to   space 13312K, 0% used [0x00000000fbf00000,0x00000000fbf00000,0x00000000fcc00000)
 ParOldGen       total 87040K, used 40265K [0x00000000c1400000, 0x00000000c6900000, 0x00000000eb180000)
  object space 87040K, 46% used [0x00000000c1400000,0x00000000c3b527e0,0x00000000c6900000)
 Metaspace       used 63814K, capacity 66108K, committed 66392K, reserved 1107968K
  class space    used 7883K, capacity 8300K, committed 8320K, reserved 1048576K
}

Deoptimization events (10 events):
Event: 50.645 Thread 0x0000000018481800 Uncommon trap: reason=class_check action=maybe_recompile pc=0x00000000041c1980 method=java.util.AbstractCollection.containsAll(Ljava/util/Collection;)Z @ 1
Event: 51.570 Thread 0x0000000018481800 Uncommon trap: reason=unstable_if action=reinterpret pc=0x0000000003477880 method=java.lang.CharacterData.of(I)Ljava/lang/CharacterData; @ 4
Event: 51.775 Thread 0x0000000018481800 Uncommon trap: reason=class_check action=maybe_recompile pc=0x0000000003f1bd94 method=java.util.AbstractList$Itr.hasNext()Z @ 8
Event: 51.775 Thread 0x0000000018481800 Uncommon trap: reason=class_check action=maybe_recompile pc=0x0000000003909244 method=java.util.AbstractList$Itr.next()Ljava/lang/Object; @ 14
Event: 51.931 Thread 0x0000000018481800 Uncommon trap: reason=unstable_if action=reinterpret pc=0x00000000040e0740 method=org.springframework.util.ConcurrentReferenceHashMap$Segment.restructureIfNecessary(Z)V @ 33
Event: 52.308 Thread 0x0000000018481800 Uncommon trap: reason=bimorphic action=maybe_recompile pc=0x000000000441f610 method=java.util.regex.Pattern$Curly.match(Ljava/util/regex/Matcher;ILjava/lang/CharSequence;)Z @ 19
Event: 52.308 Thread 0x0000000018481800 Uncommon trap: reason=bimorphic action=maybe_recompile pc=0x000000000441f610 method=java.util.regex.Pattern$Curly.match(Ljava/util/regex/Matcher;ILjava/lang/CharSequence;)Z @ 19
Event: 52.308 Thread 0x0000000018481800 Uncommon trap: reason=bimorphic action=maybe_recompile pc=0x000000000441f610 method=java.util.regex.Pattern$Curly.match(Ljava/util/regex/Matcher;ILjava/lang/CharSequence;)Z @ 19
Event: 52.308 Thread 0x0000000018481800 Uncommon trap: reason=bimorphic action=maybe_recompile pc=0x000000000441f610 method=java.util.regex.Pattern$Curly.match(Ljava/util/regex/Matcher;ILjava/lang/CharSequence;)Z @ 19
Event: 52.322 Thread 0x0000000018481800 Uncommon trap: reason=unstable_if action=reinterpret pc=0x0000000003d346c4 method=sun.reflect.Reflection.filter([Ljava/lang/reflect/Member;[Ljava/lang/String;)[Ljava/lang/reflect/Member; @ 1

Classes redefined (0 events):
No events

Internal exceptions (10 events):
Event: 43.742 Thread 0x0000000018481800 Exception <a 'java/lang/ClassNotFoundException': java/lang/ObjectCustomizer> (0x00000000f0213398) thrown at [C:\re\workspace\8-2-build-windows-amd64-cygwin\jdk8u162\10278\hotspot\src\share\vm\classfile\systemDictionary.cpp, line 210]
Event: 43.747 Thread 0x0000000018481800 Exception <a 'java/lang/ClassNotFoundException': org/springframework/web/socket/config/annotation/WebSocketConfigurationSupportCustomizer> (0x00000000f0254fb0) thrown at [C:\re\workspace\8-2-build-windows-amd64-cygwin\jdk8u162\10278\hotspot\src\share\vm\c
Event: 43.750 Thread 0x0000000018481800 Exception <a 'java/lang/ClassNotFoundException': org/springframework/web/socket/config/annotation/DelegatingWebSocketConfigurationCustomizer> (0x00000000f02974a8) thrown at [C:\re\workspace\8-2-build-windows-amd64-cygwin\jdk8u162\10278\hotspot\src\share\v
Event: 43.753 Thread 0x0000000018481800 Exception <a 'java/lang/ClassNotFoundException': org/springframework/web/socket/config/annotation/DelegatingWebSocketConfiguration$$EnhancerBySpringCGLIB$$2fd610d8Customizer> (0x00000000f02ec218) thrown at [C:\re\workspace\8-2-build-windows-amd64-cygwin\j
Event: 43.758 Thread 0x0000000018481800 Exception <a 'java/lang/ClassNotFoundException': org/springframework/context/annotation/ConfigurationClassEnhancer$EnhancedConfigurationCustomizer> (0x00000000f0338928) thrown at [C:\re\workspace\8-2-build-windows-amd64-cygwin\jdk8u162\10278\hotspot\src\s
Event: 43.764 Thread 0x0000000018481800 Exception <a 'java/lang/ClassNotFoundException': org/springframework/beans/factory/BeanFactoryAwareCustomizer> (0x00000000f0368bc0) thrown at [C:\re\workspace\8-2-build-windows-amd64-cygwin\jdk8u162\10278\hotspot\src\share\vm\classfile\systemDictionary.cp
Event: 43.768 Thread 0x0000000018481800 Exception <a 'java/lang/ClassNotFoundException': org/springframework/beans/factory/AwareCustomizer> (0x00000000f0394460) thrown at [C:\re\workspace\8-2-build-windows-amd64-cygwin\jdk8u162\10278\hotspot\src\share\vm\classfile\systemDictionary.cpp, line 210
Event: 45.710 Thread 0x0000000018481800 Implicit null exception at 0x0000000003f49413 to 0x0000000003f4a06d
Event: 51.527 Thread 0x0000000018481800 Exception <a 'java/lang/ClassNotFoundException': com/ruoyi/web/controller/tool/TestBeanInfo> (0x00000000fa3a8920) thrown at [C:\re\workspace\8-2-build-windows-amd64-cygwin\jdk8u162\10278\hotspot\src\share\vm\classfile\systemDictionary.cpp, line 210]
Event: 51.534 Thread 0x0000000018481800 Exception <a 'java/lang/ClassNotFoundException': com/ruoyi/web/controller/tool/TestCustomizer> (0x00000000fa3d4c58) thrown at [C:\re\workspace\8-2-build-windows-amd64-cygwin\jdk8u162\10278\hotspot\src\share\vm\classfile\systemDictionary.cpp, line 210]

Events (10 events):
Event: 52.313 loading class io/netty/util/internal/PlatformDependent0$1 done
Event: 52.315 loading class io/netty/util/internal/ReflectionUtil
Event: 52.315 loading class io/netty/util/internal/ReflectionUtil done
Event: 52.318 loading class io/netty/util/internal/PlatformDependent0$2
Event: 52.318 loading class io/netty/util/internal/PlatformDependent0$2 done
Event: 52.322 Thread 0x0000000018481800 Uncommon trap: trap_request=0xffffff65 fr.pc=0x0000000003d346c4
Event: 52.322 Thread 0x0000000018481800 DEOPT PACKING pc=0x0000000003d346c4 sp=0x000000001947bf00
Event: 52.322 Thread 0x0000000018481800 DEOPT UNPACKING pc=0x000000000339583b sp=0x000000001947bd98 mode 2
Event: 52.322 loading class io/netty/util/internal/PlatformDependent0$3
Event: 52.322 loading class io/netty/util/internal/PlatformDependent0$3 done


Dynamic libraries:
0x00007ff7c51b0000 - 0x00007ff7c51e7000 	D:\java\jdk1.8\bin\java.exe
0x00007ffd47dc0000 - 0x00007ffd47fb0000 	C:\WINDOWS\SYSTEM32\ntdll.dll
0x00007ffd46c90000 - 0x00007ffd46d42000 	C:\WINDOWS\System32\KERNEL32.DLL
0x00007ffd454f0000 - 0x00007ffd45793000 	C:\WINDOWS\System32\KERNELBASE.dll
0x00007ffd46fc0000 - 0x00007ffd47063000 	C:\WINDOWS\System32\ADVAPI32.dll
0x00007ffd462e0000 - 0x00007ffd4637e000 	C:\WINDOWS\System32\msvcrt.dll
0x00007ffd47a70000 - 0x00007ffd47b07000 	C:\WINDOWS\System32\sechost.dll
0x00007ffd46ea0000 - 0x00007ffd46fc0000 	C:\WINDOWS\System32\RPCRT4.dll
0x00007ffd47070000 - 0x00007ffd47204000 	C:\WINDOWS\System32\USER32.dll
0x00007ffd45940000 - 0x00007ffd45961000 	C:\WINDOWS\System32\win32u.dll
0x00007ffd47d20000 - 0x00007ffd47d46000 	C:\WINDOWS\System32\GDI32.dll
0x00007ffd457a0000 - 0x00007ffd45934000 	C:\WINDOWS\System32\gdi32full.dll
0x00007ffd45dd0000 - 0x00007ffd45e6e000 	C:\WINDOWS\System32\msvcp_win.dll
0x00007ffd45cd0000 - 0x00007ffd45dca000 	C:\WINDOWS\System32\ucrtbase.dll
0x00007ffd36e70000 - 0x00007ffd370f5000 	C:\WINDOWS\WinSxS\amd64_microsoft.windows.common-controls_6595b64144ccf1df_6.0.18362.418_none_e6c6b287130d565d\COMCTL32.dll
0x00007ffd47350000 - 0x00007ffd47686000 	C:\WINDOWS\System32\combase.dll
0x00007ffd45970000 - 0x00007ffd459f0000 	C:\WINDOWS\System32\bcryptPrimitives.dll
0x00007ffd47d50000 - 0x00007ffd47d7e000 	C:\WINDOWS\System32\IMM32.DLL
0x0000000075b50000 - 0x0000000075c21000 	D:\java\jdk1.8\jre\bin\msvcr100.dll
0x00000000747c0000 - 0x0000000075060000 	D:\java\jdk1.8\jre\bin\server\jvm.dll
0x00007ffd47d10000 - 0x00007ffd47d18000 	C:\WINDOWS\System32\PSAPI.DLL
0x00007ffd41190000 - 0x00007ffd41199000 	C:\WINDOWS\SYSTEM32\WSOCK32.dll
0x00007ffd46e30000 - 0x00007ffd46e9f000 	C:\WINDOWS\System32\WS2_32.dll
0x00007ffd415e0000 - 0x00007ffd41604000 	C:\WINDOWS\SYSTEM32\WINMM.dll
0x00007ffd358c0000 - 0x00007ffd358ca000 	C:\WINDOWS\SYSTEM32\VERSION.dll
0x00007ffd415b0000 - 0x00007ffd415dd000 	C:\WINDOWS\SYSTEM32\WINMMBASE.dll
0x00007ffd45ba0000 - 0x00007ffd45bea000 	C:\WINDOWS\System32\cfgmgr32.dll
0x0000000076230000 - 0x000000007623f000 	D:\java\jdk1.8\jre\bin\verify.dll
0x0000000076200000 - 0x0000000076229000 	D:\java\jdk1.8\jre\bin\java.dll
0x0000000075b00000 - 0x0000000075b23000 	D:\java\jdk1.8\jre\bin\instrument.dll
0x00000000761e0000 - 0x00000000761f6000 	D:\java\jdk1.8\jre\bin\zip.dll
0x00007ffd46380000 - 0x00007ffd46a65000 	C:\WINDOWS\System32\SHELL32.dll
0x00007ffd47b10000 - 0x00007ffd47bb9000 	C:\WINDOWS\System32\shcore.dll
0x00007ffd44d70000 - 0x00007ffd454ef000 	C:\WINDOWS\System32\windows.storage.dll
0x00007ffd44d10000 - 0x00007ffd44d2f000 	C:\WINDOWS\System32\profapi.dll
0x00007ffd44cc0000 - 0x00007ffd44d0a000 	C:\WINDOWS\System32\powrprof.dll
0x00007ffd44c90000 - 0x00007ffd44ca0000 	C:\WINDOWS\System32\UMPDC.dll
0x00007ffd46c30000 - 0x00007ffd46c82000 	C:\WINDOWS\System32\shlwapi.dll
0x00007ffd44ca0000 - 0x00007ffd44cb1000 	C:\WINDOWS\System32\kernel.appcore.dll
0x00007ffd44d50000 - 0x00007ffd44d67000 	C:\WINDOWS\System32\cryptsp.dll
0x00007ffd3e480000 - 0x00007ffd3e49a000 	D:\IntelliJ IDEA 2019.1\bin\breakgen64.dll
0x00000000761c0000 - 0x00000000761da000 	D:\java\jdk1.8\jre\bin\net.dll
0x00007ffd444d0000 - 0x00007ffd44537000 	C:\WINDOWS\system32\mswsock.dll
0x0000000075af0000 - 0x0000000075afd000 	D:\java\jdk1.8\jre\bin\management.dll
0x00007ffd289a0000 - 0x00007ffd289b6000 	C:\WINDOWS\system32\napinsp.dll
0x00007ffd28980000 - 0x00007ffd2899a000 	C:\WINDOWS\system32\pnrpnsp.dll
0x00007ffd44220000 - 0x00007ffd442ea000 	C:\WINDOWS\SYSTEM32\DNSAPI.dll
0x00007ffd47c50000 - 0x00007ffd47c58000 	C:\WINDOWS\System32\NSI.dll
0x00007ffd441e0000 - 0x00007ffd4421a000 	C:\WINDOWS\SYSTEM32\IPHLPAPI.DLL
0x00007ffd28970000 - 0x00007ffd2897e000 	C:\WINDOWS\System32\winrnr.dll
0x00007ffd41110000 - 0x00007ffd4112c000 	C:\WINDOWS\system32\NLAapi.dll
0x00007ffd3efe0000 - 0x00007ffd3eff5000 	C:\WINDOWS\system32\wshbth.dll
0x00007ffd35ba0000 - 0x00007ffd35baa000 	C:\Windows\System32\rasadhlp.dll
0x00007ffd3a9e0000 - 0x00007ffd3aa57000 	C:\WINDOWS\System32\fwpuclnt.dll
0x00007ffd45ca0000 - 0x00007ffd45cc6000 	C:\WINDOWS\System32\bcrypt.dll
0x0000000075b30000 - 0x0000000075b41000 	D:\java\jdk1.8\jre\bin\nio.dll
0x00007ffd44040000 - 0x00007ffd44073000 	C:\WINDOWS\system32\rsaenh.dll
0x00007ffd44b80000 - 0x00007ffd44ba5000 	C:\WINDOWS\SYSTEM32\USERENV.dll
0x00007ffd446a0000 - 0x00007ffd446ac000 	C:\WINDOWS\SYSTEM32\CRYPTBASE.dll
0x00007ffd3b450000 - 0x00007ffd3b466000 	C:\WINDOWS\SYSTEM32\dhcpcsvc6.DLL
0x00007ffd3b2a0000 - 0x00007ffd3b2bc000 	C:\WINDOWS\SYSTEM32\dhcpcsvc.DLL
0x0000000075ac0000 - 0x0000000075ae4000 	D:\java\jdk1.8\jre\bin\sunec.dll
0x0000000180000000 - 0x000000018020f000 	D:\tomcat\bin\tcnative-1.dll

VM Arguments:
jvm_args: -javaagent:D:\IntelliJ IDEA 2019.1\lib\idea_rt.jar=58903:D:\IntelliJ IDEA 2019.1\bin -Dfile.encoding=UTF-8 
java_command: com.ruoyi.RuoYiApplication
java_class_path (initial): D:\java\jdk1.8\jre\lib\charsets.jar;D:\java\jdk1.8\jre\lib\deploy.jar;D:\java\jdk1.8\jre\lib\ext\access-bridge-64.jar;D:\java\jdk1.8\jre\lib\ext\cldrdata.jar;D:\java\jdk1.8\jre\lib\ext\dnsns.jar;D:\java\jdk1.8\jre\lib\ext\jaccess.jar;D:\java\jdk1.8\jre\lib\ext\jfxrt.jar;D:\java\jdk1.8\jre\lib\ext\localedata.jar;D:\java\jdk1.8\jre\lib\ext\nashorn.jar;D:\java\jdk1.8\jre\lib\ext\sunec.jar;D:\java\jdk1.8\jre\lib\ext\sunjce_provider.jar;D:\java\jdk1.8\jre\lib\ext\sunmscapi.jar;D:\java\jdk1.8\jre\lib\ext\sunpkcs11.jar;D:\java\jdk1.8\jre\lib\ext\zipfs.jar;D:\java\jdk1.8\jre\lib\javaws.jar;D:\java\jdk1.8\jre\lib\jce.jar;D:\java\jdk1.8\jre\lib\jfr.jar;D:\java\jdk1.8\jre\lib\jfxswt.jar;D:\java\jdk1.8\jre\lib\jsse.jar;D:\java\jdk1.8\jre\lib\management-agent.jar;D:\java\jdk1.8\jre\lib\plugin.jar;D:\java\jdk1.8\jre\lib\resources.jar;D:\java\jdk1.8\jre\lib\rt.jar;H:\FEED-master\ruoyi-admin\target\classes;C:\Users\79232\.m2\repository\org\springframework\boot\spring-boot-starter-thymeleaf\2.1.1.RELEASE\spring-boot-starter-thymeleaf-2.1.1.RELEASE.jar;C:\Users\79232\.m2\repository\org\springframework\boot\spring-boot-starter\2.1.1.RELEASE\spring-boot-starter-2.1.1.RELEASE.jar;C:\Users\79232\.m2\repository\org\springframework\boot\spring-boot-starter-logging\2.1.1.RELEASE\spring-boot-starter-logging-2.1.1.RELEASE.jar;C:\Users\79232\.m2\repository\ch\qos\logback\logback-classic\1.2.3\logback-classic-1.2.3.jar;C:\Users\79232\.m2\repository\ch\qos\logback\logback-core\1.2.3\logback-core-1.2.3.jar;C:\Users\79232\.m2\repository\org\apache\logging\log4j\log4j-to-slf4j\2.11.1\log4j-to-slf4j-2.11.1.jar;C:\Users\79232\.m2\repository\org\apache\logging\log4j\log4j-api\2.11.1\log4j-api-2.11.1.jar;C:\Users\79232\.m2\repository\org\slf4j\jul-to-slf4j\1.7.25\jul-to-slf4j-1.7.25.jar;C:\Users\79232\.m2\repository\javax\annotation\javax.annotation-api\1.3.2\javax.annotation-api-1.3.2.jar;C:\Users\79232\.m2\repository\org\yaml\snakeyaml\1.23\snakeyaml-1.23.jar;C:\Users\792
Launcher Type: SUN_STANDARD

Environment Variables:
JAVA_HOME=d:\java\jdk1.8
CLASSPATH=.;d:\java\jdk1.8\lib;d:\java\jdk1.8\lib\tools.jar;d:\maven\lib;D:\SDK\platforms\android-22\android.jar;
D:\SDK\extras\android\support\v4\android-support-v4.jar;
D:\SDK\extras\android\support\v7\appcompat\libs\android-support-v7-appcompat.jar
PATH=C:\Program Files\Common Files\Siemens\Automation\Simatic OAM\bin;D:\xshell\xshell\;C:\ProgramData\Oracle\Java\javapath;C:\WINDOWS\system32;C:\WINDOWS;C:\WINDOWS\System32\Wbem;C:\WINDOWS\System32\WindowsPowerShell\v1.0\;d:\tomcat\lib;d:\tomcat\bin;d:\java\jdk1.8\bin;d:\java\jdk1.8\jre\bin;d:\java\jre1.8\bin;d:\maven\bin;G:\git\Git\cmd;D:\SDK\platform-tools;D:\SDK\tools???????;C:\WINDOWS\System32\OpenSSH\;F:\Matlab\runtime\win64;F:\Matlab\bin;C:\Users\79232\AppData\Local\Microsoft\WindowsApps;D:\IntelliJ IDEA 2019.1\bin;C:\Users\79232\AppData\Local\GitHubDesktop\bin;"D:\SDK\platform-tools;D:\SDK\tools";;C:\Users\79232\AppData\Local\Microsoft\WindowsApps
USERNAME=79232
OS=Windows_NT
PROCESSOR_IDENTIFIER=Intel64 Family 6 Model 61 Stepping 4, GenuineIntel



---------------  S Y S T E M  ---------------

OS: Windows 10.0 , 64 bit Build 18362 (10.0.18362.329)

CPU:total 4 (initial active 4) (2 cores per cpu, 2 threads per core) family 6 model 61 stepping 4, cmov, cx8, fxsr, mmx, sse, sse2, sse3, ssse3, sse4.1, sse4.2, popcnt, avx, avx2, aes, clmul, erms, 3dnowpref, lzcnt, ht, tsc, tscinvbit, bmi1, bmi2, adx

Memory: 4k page, physical 4106080k(221856k free), swap 13585372k(5360k free)

vm_info: Java HotSpot(TM) 64-Bit Server VM (25.162-b12) for windows-amd64 JRE (1.8.0_162-b12), built on Dec 19 2017 20:00:03 by "java_re" with MS VC++ 10.0 (VS2010)

time: Mon Nov 11 15:09:41 2019
elapsed time: 52 seconds (0d 0h 0m 52s)

